npm WARN ignoring workspace config at /Users/dht/projects/gdi/packages/gdi-widgets/.npmrc 
npm notice 
npm notice 📦  @gdi/widgets@0.4.2
npm notice === Tarball Contents === 
npm notice 1.1kB  LICENSE                                                
npm notice 0B     README.md                                              
npm notice 257B   dist/builders/LibraryBuilder.d.ts                      
npm notice 1.2kB  dist/builders/LibraryBuilder.js                        
npm notice 424B   dist/components/ElementEdit/ElementEdit.d.ts           
npm notice 1.1kB  dist/components/ElementEdit/ElementEdit.driver.js      
npm notice 2.3kB  dist/components/ElementEdit/ElementEdit.js             
npm notice 1.2kB  dist/components/ElementEdit/ElementEdit.spec.js        
npm notice 414B   dist/components/ElementEdit/ElementEdit.style.d.ts     
npm notice 1.8kB  dist/components/ElementEdit/ElementEdit.style.js       
npm notice 225B   dist/components/ElementView/ElementView.d.ts           
npm notice 1.1kB  dist/components/ElementView/ElementView.driver.js      
npm notice 1.0kB  dist/components/ElementView/ElementView.js             
npm notice 1.2kB  dist/components/ElementView/ElementView.spec.js        
npm notice 98B    dist/components/ElementView/ElementView.style.d.ts     
npm notice 116B   dist/components/ElementView/ElementView.style.js       
npm notice 549B   dist/components/EngineEdit/EngineEdit.d.ts             
npm notice 1.1kB  dist/components/EngineEdit/EngineEdit.driver.js        
npm notice 1.6kB  dist/components/EngineEdit/EngineEdit.js               
npm notice 1.2kB  dist/components/EngineEdit/EngineEdit.spec.js          
npm notice 226B   dist/components/EngineEdit/EngineEdit.style.d.ts       
npm notice 710B   dist/components/EngineEdit/EngineEdit.style.js         
npm notice 386B   dist/components/EngineView/EngineView.d.ts             
npm notice 1.1kB  dist/components/EngineView/EngineView.driver.js        
npm notice 1.5kB  dist/components/EngineView/EngineView.js               
npm notice 1.2kB  dist/components/EngineView/EngineView.spec.js          
npm notice 226B   dist/components/EngineView/EngineView.style.d.ts       
npm notice 763B   dist/components/EngineView/EngineView.style.js         
npm notice 178B   dist/components/Error/Error.d.ts                       
npm notice 1.1kB  dist/components/Error/Error.driver.js                  
npm notice 464B   dist/components/Error/Error.js                         
npm notice 1.1kB  dist/components/Error/Error.spec.js                    
npm notice 287B   dist/components/Error/Error.style.d.ts                 
npm notice 704B   dist/components/Error/Error.style.js                   
npm notice 159B   dist/components/Loader/Loader.d.ts                     
npm notice 1.1kB  dist/components/Loader/Loader.driver.js                
npm notice 339B   dist/components/Loader/Loader.js                       
npm notice 1.2kB  dist/components/Loader/Loader.spec.js                  
npm notice 98B    dist/components/Loader/Loader.style.d.ts               
npm notice 1.1kB  dist/components/Loader/Loader.style.js                 
npm notice 202B   dist/components/Placeholder/Placeholder.d.ts           
npm notice 1.1kB  dist/components/Placeholder/Placeholder.driver.js      
npm notice 544B   dist/components/Placeholder/Placeholder.js             
npm notice 1.2kB  dist/components/Placeholder/Placeholder.spec.js        
npm notice 287B   dist/components/Placeholder/Placeholder.style.d.ts     
npm notice 718B   dist/components/Placeholder/Placeholder.style.js       
npm notice 351B   dist/context/Engine.context.d.ts                       
npm notice 876B   dist/context/Engine.context.js                         
npm notice 625B   dist/context/Site.context.d.ts                         
npm notice 1.5kB  dist/context/Site.context.js                           
npm notice 257B   dist/dts/builders/LibraryBuilder.d.ts                  
npm notice 416B   dist/dts/components/ElementEdit/ElementEdit.d.ts       
npm notice 281B   dist/dts/components/ElementEdit/ElementEdit.driver.d.ts
npm notice 11B    dist/dts/components/ElementEdit/ElementEdit.spec.d.ts  
npm notice 414B   dist/dts/components/ElementEdit/ElementEdit.style.d.ts 
npm notice 217B   dist/dts/components/ElementView/ElementView.d.ts       
npm notice 281B   dist/dts/components/ElementView/ElementView.driver.d.ts
npm notice 11B    dist/dts/components/ElementView/ElementView.spec.d.ts  
npm notice 98B    dist/dts/components/ElementView/ElementView.style.d.ts 
npm notice 533B   dist/dts/components/EngineEdit/EngineEdit.d.ts         
npm notice 280B   dist/dts/components/EngineEdit/EngineEdit.driver.d.ts  
npm notice 11B    dist/dts/components/EngineEdit/EngineEdit.spec.d.ts    
npm notice 226B   dist/dts/components/EngineEdit/EngineEdit.style.d.ts   
npm notice 378B   dist/dts/components/EngineView/EngineView.d.ts         
npm notice 280B   dist/dts/components/EngineView/EngineView.driver.d.ts  
npm notice 11B    dist/dts/components/EngineView/EngineView.spec.d.ts    
npm notice 226B   dist/dts/components/EngineView/EngineView.style.d.ts   
npm notice 170B   dist/dts/components/Error/Error.d.ts                   
npm notice 275B   dist/dts/components/Error/Error.driver.d.ts            
npm notice 11B    dist/dts/components/Error/Error.spec.d.ts              
npm notice 287B   dist/dts/components/Error/Error.style.d.ts             
npm notice 151B   dist/dts/components/Loader/Loader.d.ts                 
npm notice 276B   dist/dts/components/Loader/Loader.driver.d.ts          
npm notice 11B    dist/dts/components/Loader/Loader.spec.d.ts            
npm notice 98B    dist/dts/components/Loader/Loader.style.d.ts           
npm notice 194B   dist/dts/components/Placeholder/Placeholder.d.ts       
npm notice 281B   dist/dts/components/Placeholder/Placeholder.driver.d.ts
npm notice 11B    dist/dts/components/Placeholder/Placeholder.spec.d.ts  
npm notice 287B   dist/dts/components/Placeholder/Placeholder.style.d.ts 
npm notice 343B   dist/dts/context/Engine.context.d.ts                   
npm notice 609B   dist/dts/context/Site.context.d.ts                     
npm notice 226B   dist/dts/grid/Column/Column.d.ts                       
npm notice 276B   dist/dts/grid/Column/Column.driver.d.ts                
npm notice 11B    dist/dts/grid/Column/Column.spec.d.ts                  
npm notice 98B    dist/dts/grid/Column/Column.style.d.ts                 
npm notice 237B   dist/dts/grid/Container/Container.d.ts                 
npm notice 279B   dist/dts/grid/Container/Container.driver.d.ts          
npm notice 11B    dist/dts/grid/Container/Container.spec.d.ts            
npm notice 200B   dist/dts/grid/Container/Container.style.d.ts           
npm notice 210B   dist/dts/grid/helpers.d.ts                             
npm notice 382B   dist/dts/grid/index.d.ts                               
npm notice 213B   dist/dts/grid/Row/Row.d.ts                             
npm notice 273B   dist/dts/grid/Row/Row.driver.d.ts                      
npm notice 11B    dist/dts/grid/Row/Row.spec.d.ts                        
npm notice 98B    dist/dts/grid/Row/Row.style.d.ts                       
npm notice 253B   dist/dts/grid/Tester/Tester.d.ts                       
npm notice 274B   dist/dts/grid/Tester/Tester.driver.d.ts                
npm notice 11B    dist/dts/grid/Tester/Tester.spec.d.ts                  
npm notice 98B    dist/dts/grid/Tester/Tester.style.d.ts                 
npm notice 360B   dist/dts/grid/Wrapper/Wrapper.d.ts                     
npm notice 275B   dist/dts/grid/Wrapper/Wrapper.driver.d.ts              
npm notice 11B    dist/dts/grid/Wrapper/Wrapper.spec.d.ts                
npm notice 494B   dist/dts/grid/Wrapper/Wrapper.style.d.ts               
npm notice 56B    dist/dts/hooks/useDataset.d.ts                         
npm notice 75B    dist/dts/hooks/useSiteMenu.d.ts                        
npm notice 152B   dist/dts/hooks/useTemplates.d.ts                       
npm notice 763B   dist/dts/index.d.ts                                    
npm notice 768B   dist/dts/types.d.ts                                    
npm notice 18.2kB dist/gdi-widgets.es.js                                  
npm notice 48.5kB dist/gdi-widgets.es.js.map                              
npm notice 15.4kB dist/gdi-widgets.umd.js                                 
npm notice 46.9kB dist/gdi-widgets.umd.js.map                             
npm notice 234B   dist/grid/Column/Column.d.ts                           
npm notice 1.1kB  dist/grid/Column/Column.driver.js                      
npm notice 363B   dist/grid/Column/Column.js                             
npm notice 1.2kB  dist/grid/Column/Column.spec.js                        
npm notice 98B    dist/grid/Column/Column.style.d.ts                     
npm notice 113B   dist/grid/Column/Column.style.js                       
npm notice 245B   dist/grid/Container/Container.d.ts                     
npm notice 1.1kB  dist/grid/Container/Container.driver.js                
npm notice 555B   dist/grid/Container/Container.js                       
npm notice 1.2kB  dist/grid/Container/Container.spec.js                  
npm notice 200B   dist/grid/Container/Container.style.d.ts               
npm notice 1.4kB  dist/grid/Container/Container.style.js                 
npm notice 210B   dist/grid/helpers.d.ts                                 
npm notice 273B   dist/grid/helpers.js                                   
npm notice 382B   dist/grid/index.d.ts                                   
npm notice 299B   dist/grid/index.js                                     
npm notice 221B   dist/grid/Row/Row.d.ts                                 
npm notice 1.1kB  dist/grid/Row/Row.driver.js                            
npm notice 348B   dist/grid/Row/Row.js                                   
npm notice 1.1kB  dist/grid/Row/Row.spec.js                              
npm notice 98B    dist/grid/Row/Row.style.d.ts                           
npm notice 271B   dist/grid/Row/Row.style.js                             
npm notice 261B   dist/grid/Tester/Tester.d.ts                           
npm notice 1.1kB  dist/grid/Tester/Tester.driver.js                      
npm notice 1.1kB  dist/grid/Tester/Tester.js                             
npm notice 1.1kB  dist/grid/Tester/Tester.spec.js                        
npm notice 98B    dist/grid/Tester/Tester.style.d.ts                     
npm notice 92B    dist/grid/Tester/Tester.style.js                       
npm notice 368B   dist/grid/Wrapper/Wrapper.d.ts                         
npm notice 1.1kB  dist/grid/Wrapper/Wrapper.driver.js                    
npm notice 1.2kB  dist/grid/Wrapper/Wrapper.js                           
npm notice 1.2kB  dist/grid/Wrapper/Wrapper.spec.js                      
npm notice 494B   dist/grid/Wrapper/Wrapper.style.d.ts                   
npm notice 542B   dist/grid/Wrapper/Wrapper.style.js                     
npm notice 56B    dist/hooks/useDataset.d.ts                             
npm notice 309B   dist/hooks/useDataset.js                               
npm notice 75B    dist/hooks/useSiteMenu.d.ts                            
npm notice 857B   dist/hooks/useSiteMenu.js                              
npm notice 152B   dist/hooks/useTemplates.d.ts                           
npm notice 579B   dist/hooks/useTemplates.js                             
npm notice 763B   dist/index.d.ts                                        
npm notice 613B   dist/index.js                                          
npm notice 816B   dist/types.d.ts                                        
npm notice 11B    dist/types.js                                          
npm notice 1.5kB  package.json                                           
npm notice === Tarball Details === 
npm notice name:          @gdi/widgets                             
npm notice version:       0.4.2                                   
npm notice filename:      gdi-widgets-0.4.2.tgz                    
npm notice package size:  39.4 kB                                 
npm notice unpacked size: 207.8 kB                                
npm notice shasum:        5cd5534f23cdf74624442007baba4564a4fc88b4
npm notice integrity:     sha512-V/Uwr/nw8ctfJ[...]5diA04e0LMUHA==
npm notice total files:   157                                     
npm notice 
npm notice Publishing to https://registry.npmjs.org/ with tag latest and public access
+ @gdi/widgets@0.4.2
